{
  "uid" : "76187a0dff86051d",
  "name" : "Selecting target branch",
  "fullName" : "src/test/resources/features/CreateNewOrder.feature:3",
  "historyId" : "fc8637b48718b91b0e21435dad947ea6",
  "time" : {
    "start" : 1730127445326,
    "stop" : 1730127461227,
    "duration" : 15901
  },
  "status" : "broken",
  "statusMessage" : "Expected condition failed: waiting for url to be \"https://stg-pos.blinkco.io/pos-home\". Current url: \"https://stg-pos.blinkco.io/login\" (tried for 10 second(s) with 500 milliseconds interval)\nBuild info: version: '4.24.0', revision: '748ffc9bc3'\nSystem info: os.name: 'Windows 11', os.arch: 'amd64', os.version: '10.0', java.version: '21.0.1'\nDriver info: org.openqa.selenium.chrome.ChromeDriver\nCapabilities {acceptInsecureCerts: false, browserName: chrome, browserVersion: 130.0.6723.70, chrome: {chromedriverVersion: 130.0.6723.69 (3ec172b971b9..., userDataDir: C:\\Users\\shafa\\AppData\\Loca...}, fedcm:accounts: true, goog:chromeOptions: {debuggerAddress: localhost:56595}, networkConnectionEnabled: false, pageLoadStrategy: normal, platformName: windows, proxy: Proxy(), se:cdp: ws://localhost:56595/devtoo..., se:cdpVersion: 130.0.6723.70, setWindowRect: true, strictFileInteractability: false, timeouts: {implicit: 0, pageLoad: 300000, script: 30000}, unhandledPromptBehavior: dismiss and notify, webauthn:extension:credBlob: true, webauthn:extension:largeBlob: true, webauthn:extension:minPinLength: true, webauthn:extension:prf: true, webauthn:virtualAuthenticators: true}\nSession ID: 79f43d64473b259afbe5e49614b2d54e",
  "statusTrace" : "org.openqa.selenium.TimeoutException: Expected condition failed: waiting for url to be \"https://stg-pos.blinkco.io/pos-home\". Current url: \"https://stg-pos.blinkco.io/login\" (tried for 10 second(s) with 500 milliseconds interval)\nBuild info: version: '4.24.0', revision: '748ffc9bc3'\nSystem info: os.name: 'Windows 11', os.arch: 'amd64', os.version: '10.0', java.version: '21.0.1'\nDriver info: org.openqa.selenium.chrome.ChromeDriver\nCapabilities {acceptInsecureCerts: false, browserName: chrome, browserVersion: 130.0.6723.70, chrome: {chromedriverVersion: 130.0.6723.69 (3ec172b971b9..., userDataDir: C:\\Users\\shafa\\AppData\\Loca...}, fedcm:accounts: true, goog:chromeOptions: {debuggerAddress: localhost:56595}, networkConnectionEnabled: false, pageLoadStrategy: normal, platformName: windows, proxy: Proxy(), se:cdp: ws://localhost:56595/devtoo..., se:cdpVersion: 130.0.6723.70, setWindowRect: true, strictFileInteractability: false, timeouts: {implicit: 0, pageLoad: 300000, script: 30000}, unhandledPromptBehavior: dismiss and notify, webauthn:extension:credBlob: true, webauthn:extension:largeBlob: true, webauthn:extension:minPinLength: true, webauthn:extension:prf: true, webauthn:virtualAuthenticators: true}\nSession ID: 79f43d64473b259afbe5e49614b2d54e\r\n\tat org.openqa.selenium.support.ui.WebDriverWait.timeoutException(WebDriverWait.java:84)\r\n\tat org.openqa.selenium.support.ui.FluentWait.until(FluentWait.java:228)\r\n\tat hooks.Hooks.setUp(Hooks.java:52)\r\n",
  "flaky" : false,
  "newFailed" : false,
  "beforeStages" : [ {
    "name" : "hooks.Hooks.setUp(io.cucumber.java.Scenario)",
    "time" : {
      "start" : 1730127445342,
      "stop" : 1730127460723,
      "duration" : 15381
    },
    "status" : "broken",
    "statusMessage" : "Expected condition failed: waiting for url to be \"https://stg-pos.blinkco.io/pos-home\". Current url: \"https://stg-pos.blinkco.io/login\" (tried for 10 second(s) with 500 milliseconds interval)\nBuild info: version: '4.24.0', revision: '748ffc9bc3'\nSystem info: os.name: 'Windows 11', os.arch: 'amd64', os.version: '10.0', java.version: '21.0.1'\nDriver info: org.openqa.selenium.chrome.ChromeDriver\nCapabilities {acceptInsecureCerts: false, browserName: chrome, browserVersion: 130.0.6723.70, chrome: {chromedriverVersion: 130.0.6723.69 (3ec172b971b9..., userDataDir: C:\\Users\\shafa\\AppData\\Loca...}, fedcm:accounts: true, goog:chromeOptions: {debuggerAddress: localhost:56595}, networkConnectionEnabled: false, pageLoadStrategy: normal, platformName: windows, proxy: Proxy(), se:cdp: ws://localhost:56595/devtoo..., se:cdpVersion: 130.0.6723.70, setWindowRect: true, strictFileInteractability: false, timeouts: {implicit: 0, pageLoad: 300000, script: 30000}, unhandledPromptBehavior: dismiss and notify, webauthn:extension:credBlob: true, webauthn:extension:largeBlob: true, webauthn:extension:minPinLength: true, webauthn:extension:prf: true, webauthn:virtualAuthenticators: true}\nSession ID: 79f43d64473b259afbe5e49614b2d54e",
    "statusTrace" : "org.openqa.selenium.TimeoutException: Expected condition failed: waiting for url to be \"https://stg-pos.blinkco.io/pos-home\". Current url: \"https://stg-pos.blinkco.io/login\" (tried for 10 second(s) with 500 milliseconds interval)\nBuild info: version: '4.24.0', revision: '748ffc9bc3'\nSystem info: os.name: 'Windows 11', os.arch: 'amd64', os.version: '10.0', java.version: '21.0.1'\nDriver info: org.openqa.selenium.chrome.ChromeDriver\nCapabilities {acceptInsecureCerts: false, browserName: chrome, browserVersion: 130.0.6723.70, chrome: {chromedriverVersion: 130.0.6723.69 (3ec172b971b9..., userDataDir: C:\\Users\\shafa\\AppData\\Loca...}, fedcm:accounts: true, goog:chromeOptions: {debuggerAddress: localhost:56595}, networkConnectionEnabled: false, pageLoadStrategy: normal, platformName: windows, proxy: Proxy(), se:cdp: ws://localhost:56595/devtoo..., se:cdpVersion: 130.0.6723.70, setWindowRect: true, strictFileInteractability: false, timeouts: {implicit: 0, pageLoad: 300000, script: 30000}, unhandledPromptBehavior: dismiss and notify, webauthn:extension:credBlob: true, webauthn:extension:largeBlob: true, webauthn:extension:minPinLength: true, webauthn:extension:prf: true, webauthn:virtualAuthenticators: true}\nSession ID: 79f43d64473b259afbe5e49614b2d54e\r\n\tat org.openqa.selenium.support.ui.WebDriverWait.timeoutException(WebDriverWait.java:84)\r\n\tat org.openqa.selenium.support.ui.FluentWait.until(FluentWait.java:228)\r\n\tat hooks.Hooks.setUp(Hooks.java:52)\r\n",
    "steps" : [ ],
    "attachments" : [ ],
    "parameters" : [ ],
    "hasContent" : true,
    "shouldDisplayMessage" : true,
    "attachmentsCount" : 0,
    "stepsCount" : 0
  } ],
  "testStage" : {
    "status" : "broken",
    "statusMessage" : "Expected condition failed: waiting for url to be \"https://stg-pos.blinkco.io/pos-home\". Current url: \"https://stg-pos.blinkco.io/login\" (tried for 10 second(s) with 500 milliseconds interval)\nBuild info: version: '4.24.0', revision: '748ffc9bc3'\nSystem info: os.name: 'Windows 11', os.arch: 'amd64', os.version: '10.0', java.version: '21.0.1'\nDriver info: org.openqa.selenium.chrome.ChromeDriver\nCapabilities {acceptInsecureCerts: false, browserName: chrome, browserVersion: 130.0.6723.70, chrome: {chromedriverVersion: 130.0.6723.69 (3ec172b971b9..., userDataDir: C:\\Users\\shafa\\AppData\\Loca...}, fedcm:accounts: true, goog:chromeOptions: {debuggerAddress: localhost:56595}, networkConnectionEnabled: false, pageLoadStrategy: normal, platformName: windows, proxy: Proxy(), se:cdp: ws://localhost:56595/devtoo..., se:cdpVersion: 130.0.6723.70, setWindowRect: true, strictFileInteractability: false, timeouts: {implicit: 0, pageLoad: 300000, script: 30000}, unhandledPromptBehavior: dismiss and notify, webauthn:extension:credBlob: true, webauthn:extension:largeBlob: true, webauthn:extension:minPinLength: true, webauthn:extension:prf: true, webauthn:virtualAuthenticators: true}\nSession ID: 79f43d64473b259afbe5e49614b2d54e",
    "statusTrace" : "org.openqa.selenium.TimeoutException: Expected condition failed: waiting for url to be \"https://stg-pos.blinkco.io/pos-home\". Current url: \"https://stg-pos.blinkco.io/login\" (tried for 10 second(s) with 500 milliseconds interval)\nBuild info: version: '4.24.0', revision: '748ffc9bc3'\nSystem info: os.name: 'Windows 11', os.arch: 'amd64', os.version: '10.0', java.version: '21.0.1'\nDriver info: org.openqa.selenium.chrome.ChromeDriver\nCapabilities {acceptInsecureCerts: false, browserName: chrome, browserVersion: 130.0.6723.70, chrome: {chromedriverVersion: 130.0.6723.69 (3ec172b971b9..., userDataDir: C:\\Users\\shafa\\AppData\\Loca...}, fedcm:accounts: true, goog:chromeOptions: {debuggerAddress: localhost:56595}, networkConnectionEnabled: false, pageLoadStrategy: normal, platformName: windows, proxy: Proxy(), se:cdp: ws://localhost:56595/devtoo..., se:cdpVersion: 130.0.6723.70, setWindowRect: true, strictFileInteractability: false, timeouts: {implicit: 0, pageLoad: 300000, script: 30000}, unhandledPromptBehavior: dismiss and notify, webauthn:extension:credBlob: true, webauthn:extension:largeBlob: true, webauthn:extension:minPinLength: true, webauthn:extension:prf: true, webauthn:virtualAuthenticators: true}\nSession ID: 79f43d64473b259afbe5e49614b2d54e\r\n\tat org.openqa.selenium.support.ui.WebDriverWait.timeoutException(WebDriverWait.java:84)\r\n\tat org.openqa.selenium.support.ui.FluentWait.until(FluentWait.java:228)\r\n\tat hooks.Hooks.setUp(Hooks.java:52)\r\n",
    "steps" : [ {
      "name" : "When User clicks on create new order option",
      "time" : {
        "start" : 1730127460839,
        "stop" : 1730127460839,
        "duration" : 0
      },
      "status" : "skipped",
      "steps" : [ ],
      "attachments" : [ ],
      "parameters" : [ ],
      "hasContent" : false,
      "shouldDisplayMessage" : false,
      "attachmentsCount" : 0,
      "stepsCount" : 0
    }, {
      "name" : "And User selects target branch",
      "time" : {
        "start" : 1730127460839,
        "stop" : 1730127460839,
        "duration" : 0
      },
      "status" : "skipped",
      "steps" : [ ],
      "attachments" : [ ],
      "parameters" : [ ],
      "hasContent" : false,
      "shouldDisplayMessage" : false,
      "attachmentsCount" : 0,
      "stepsCount" : 0
    }, {
      "name" : "And User clicks on next",
      "time" : {
        "start" : 1730127460839,
        "stop" : 1730127460839,
        "duration" : 0
      },
      "status" : "skipped",
      "steps" : [ ],
      "attachments" : [ ],
      "parameters" : [ ],
      "hasContent" : false,
      "shouldDisplayMessage" : false,
      "attachmentsCount" : 0,
      "stepsCount" : 0
    }, {
      "name" : "Then User should be navigated to targeted branch",
      "time" : {
        "start" : 1730127460851,
        "stop" : 1730127460852,
        "duration" : 1
      },
      "status" : "skipped",
      "steps" : [ ],
      "attachments" : [ ],
      "parameters" : [ ],
      "hasContent" : false,
      "shouldDisplayMessage" : false,
      "attachmentsCount" : 0,
      "stepsCount" : 0
    } ],
    "attachments" : [ ],
    "parameters" : [ ],
    "hasContent" : true,
    "shouldDisplayMessage" : true,
    "attachmentsCount" : 0,
    "stepsCount" : 4
  },
  "afterStages" : [ {
    "name" : "hooks.Hooks.tearDown()",
    "time" : {
      "start" : 1730127460854,
      "stop" : 1730127461205,
      "duration" : 351
    },
    "status" : "passed",
    "steps" : [ ],
    "attachments" : [ ],
    "parameters" : [ ],
    "hasContent" : false,
    "shouldDisplayMessage" : false,
    "attachmentsCount" : 0,
    "stepsCount" : 0
  } ],
  "labels" : [ {
    "name" : "host",
    "value" : "Shafaq_Shafique"
  }, {
    "name" : "thread",
    "value" : "14520@Shafaq_Shafique.main(1)"
  }, {
    "name" : "feature",
    "value" : "Create New Order functionality"
  }, {
    "name" : "story",
    "value" : "Selecting target branch"
  }, {
    "name" : "suite",
    "value" : "Create New Order functionality"
  }, {
    "name" : "testClass",
    "value" : "Selecting target branch"
  }, {
    "name" : "framework",
    "value" : "cucumber4jvm"
  }, {
    "name" : "language",
    "value" : "java"
  }, {
    "name" : "gherkin_uri",
    "value" : "file:///C:/Users/shafa/IdeaProjects/Blink_POS_BDD_Copy/src/test/resources/features/CreateNewOrder.feature"
  }, {
    "name" : "package",
    "value" : "src.test.resources.features.CreateNewOrder_feature.Create New Order functionality"
  }, {
    "name" : "resultFormat",
    "value" : "allure2"
  } ],
  "parameters" : [ ],
  "links" : [ ],
  "hidden" : true,
  "retry" : true,
  "extra" : {
    "categories" : [ ],
    "tags" : [ ]
  },
  "source" : "76187a0dff86051d.json",
  "parameterValues" : [ ]
}